<?xml version="1.0" encoding="UTF-8"?>
<testng-results ignored="0" total="2" passed="2" failed="0" skipped="0">
  <reporter-output>
  </reporter-output>
  <suite started-at="2023-01-09T17:47:53 IST" name="Default suite" finished-at="2023-01-09T17:49:04 IST" duration-ms="71314">
    <groups>
    </groups>
    <test started-at="2023-01-09T17:47:53 IST" name="Default test" finished-at="2023-01-09T17:49:04 IST" duration-ms="71314">
      <class name="com.app.tests.Tests">
        <test-method is-config="true" signature="setup()[pri:0, instance:com.app.tests.Tests@4229bb3f]" started-at="2023-01-09T17:47:53 IST" name="setup" finished-at="2023-01-09T17:47:59 IST" duration-ms="6174" status="PASS">
          <reporter-output>
          </reporter-output>
        </test-method> <!-- setup -->
        <test-method signature="addTobag()[pri:0, instance:com.app.tests.Tests@4229bb3f]" started-at="2023-01-09T17:47:59 IST" name="addTobag" finished-at="2023-01-09T17:48:55 IST" duration-ms="56140" status="PASS">
          <reporter-output>
          </reporter-output>
        </test-method> <!-- addTobag -->
        <test-method is-config="true" signature="teardown()[pri:0, instance:com.app.tests.Tests@4229bb3f]" started-at="2023-01-09T17:48:55 IST" name="teardown" finished-at="2023-01-09T17:48:55 IST" duration-ms="298" status="PASS">
          <reporter-output>
          </reporter-output>
        </test-method> <!-- teardown -->
        <test-method is-config="true" signature="setup()[pri:0, instance:com.app.tests.Tests@4229bb3f]" started-at="2023-01-09T17:48:55 IST" name="setup" finished-at="2023-01-09T17:49:01 IST" duration-ms="5918" status="PASS">
          <reporter-output>
          </reporter-output>
        </test-method> <!-- setup -->
        <test-method signature="verifySearchResults()[pri:0, instance:com.app.tests.Tests@4229bb3f]" started-at="2023-01-09T17:49:01 IST" name="verifySearchResults" finished-at="2023-01-09T17:49:04 IST" duration-ms="2552" status="PASS">
          <reporter-output>
          </reporter-output>
        </test-method> <!-- verifySearchResults -->
        <test-method is-config="true" signature="teardown()[pri:0, instance:com.app.tests.Tests@4229bb3f]" started-at="2023-01-09T17:49:04 IST" name="teardown" finished-at="2023-01-09T17:49:04 IST" duration-ms="201" status="PASS">
          <reporter-output>
          </reporter-output>
        </test-method> <!-- teardown -->
      </class> <!-- com.app.tests.Tests -->
    </test> <!-- Default test -->
  </suite> <!-- Default suite -->
</testng-results>
