<?xml version="1.0" encoding="UTF-8"?>
<testng-results ignored="0" total="2" passed="2" failed="0" skipped="0">
  <reporter-output>
  </reporter-output>
  <suite started-at="2023-01-10T12:40:39 IST" name="Suite" finished-at="2023-01-10T12:41:56 IST" duration-ms="77100">
    <groups>
    </groups>
    <test started-at="2023-01-10T12:40:39 IST" name="testng" finished-at="2023-01-10T12:41:56 IST" duration-ms="77100">
      <class name="com.app.tests.SearchTest">
        <test-method is-config="true" signature="setup()[pri:0, instance:com.app.tests.SearchTest@56cdfb3b]" started-at="2023-01-10T12:40:39 IST" name="setup" finished-at="2023-01-10T12:40:46 IST" duration-ms="6784" status="PASS">
          <reporter-output>
          </reporter-output>
        </test-method> <!-- setup -->
        <test-method signature="verifySearchResults()[pri:0, instance:com.app.tests.SearchTest@56cdfb3b]" started-at="2023-01-10T12:40:46 IST" name="verifySearchResults" finished-at="2023-01-10T12:40:49 IST" duration-ms="3403" status="PASS">
          <reporter-output>
          </reporter-output>
        </test-method> <!-- verifySearchResults -->
        <test-method is-config="true" signature="teardown()[pri:0, instance:com.app.tests.SearchTest@56cdfb3b]" started-at="2023-01-10T12:40:49 IST" name="teardown" finished-at="2023-01-10T12:40:50 IST" duration-ms="220" status="PASS">
          <reporter-output>
          </reporter-output>
        </test-method> <!-- teardown -->
      </class> <!-- com.app.tests.SearchTest -->
      <class name="com.app.tests.AddToBagTest">
        <test-method signature="addTobag()[pri:0, instance:com.app.tests.AddToBagTest@3e11f9e9]" started-at="2023-01-10T12:40:50 IST" name="addTobag" finished-at="2023-01-10T12:41:56 IST" duration-ms="66668" status="PASS">
          <reporter-output>
          </reporter-output>
        </test-method> <!-- addTobag -->
      </class> <!-- com.app.tests.AddToBagTest -->
    </test> <!-- testng -->
  </suite> <!-- Suite -->
</testng-results>
